2026-01-01 20:22:07,613 - INFO - Bot initialized in Testnet mode.
2026-01-01 20:22:24,674 - INFO - Request: MARKET BUY 0.002 BTCUSDT
2026-01-01 20:22:25,659 - INFO - Response: {'orderId': 11313629693, 'symbol': 'BTCUSDT', 'status': 'NEW', 'clientOrderId': 'x-Cb7ytekJ25be9e9287074798e5fe40', 'price': '0.00', 'avgPrice': '0.00', 'origQty': '0.002', 'executedQty': '0.000', 'cumQty': '0.000', 'cumQuote': '0.00000', 'timeInForce': 'GTC', 'type': 'MARKET', 'reduceOnly': False, 'closePosition': False, 'side': 'BUY', 'positionSide': 'BOTH', 'stopPrice': '0.00', 'workingType': 'CONTRACT_PRICE', 'priceProtect': False, 'origType': 'MARKET', 'priceMatch': 'NONE', 'selfTradePreventionMode': 'EXPIRE_MAKER', 'goodTillDate': 0, 'updateTime': 1767279146126}
2026-01-01 20:27:48,161 - INFO - Bot initialized. Ready for Testnet interaction.
2026-01-01 20:28:06,838 - INFO - Sending Request: {'symbol': 'BTCUSDT', 'side': 'SELL', 'type': 'MARKET', 'quantity': 0.003}
2026-01-01 20:28:07,507 - INFO - API Response: {'orderId': 11313726325, 'symbol': 'BTCUSDT', 'status': 'NEW', 'clientOrderId': 'x-Cb7ytekJc90ab86ee8bc64adf0d766', 'price': '0.00', 'avgPrice': '0.00', 'origQty': '0.003', 'executedQty': '0.000', 'cumQty': '0.000', 'cumQuote': '0.00000', 'timeInForce': 'GTC', 'type': 'MARKET', 'reduceOnly': False, 'closePosition': False, 'side': 'SELL', 'positionSide': 'BOTH', 'stopPrice': '0.00', 'workingType': 'CONTRACT_PRICE', 'priceProtect': False, 'origType': 'MARKET', 'priceMatch': 'NONE', 'selfTradePreventionMode': 'EXPIRE_MAKER', 'goodTillDate': 0, 'updateTime': 1767279487971}
2026-01-01 20:31:09,565 - INFO - Bot initialized. Ready for Testnet interaction.
2026-01-01 20:31:33,485 - INFO - Sending Request: {'symbol': 'BTCUSDT', 'side': 'SELL', 'type': 'LIMIT', 'timeInForce': 'GTC', 'quantity': 0.002, 'price': '96000.0'}
2026-01-01 20:31:34,275 - INFO - API Response: {'orderId': 11313790379, 'symbol': 'BTCUSDT', 'status': 'NEW', 'clientOrderId': 'x-Cb7ytekJ5d58382d092c503132c472', 'price': '96000.00', 'avgPrice': '0.00', 'origQty': '0.002', 'executedQty': '0.000', 'cumQty': '0.000', 'cumQuote': '0.00000', 'timeInForce': 'GTC', 'type': 'LIMIT', 'reduceOnly': False, 'closePosition': False, 'side': 'SELL', 'positionSide': 'BOTH', 'stopPrice': '0.00', 'workingType': 'CONTRACT_PRICE', 'priceProtect': False, 'origType': 'LIMIT', 'priceMatch': 'NONE', 'selfTradePreventionMode': 'EXPIRE_MAKER', 'goodTillDate': 0, 'updateTime': 1767279694750}
2026-01-01 20:32:39,587 - INFO - Bot initialized. Ready for Testnet interaction.
2026-01-01 20:33:09,674 - INFO - Sending Request: {'symbol': 'BTCUSDT', 'side': 'SELL', 'type': 'STOP_LOSS_LIMIT', 'timeInForce': 'GTC', 'quantity': 0.002, 'price': '89500.0', 'stopPrice': '90000.0'}
2026-01-01 20:33:10,529 - ERROR - Order Failed: 400 - Invalid orderType.
2026-01-01 20:36:13,061 - INFO - Bot initialized. Ready for Testnet interaction.
2026-01-01 20:36:56,283 - INFO - Sending Request: {'symbol': 'BTCUSDT', 'side': 'SELL', 'type': 'STOP', 'timeInForce': 'GTC', 'quantity': 0.002, 'price': '89500.0', 'stopPrice': '90000.0'}
2026-01-01 20:36:57,369 - ERROR - Order Failed: 400 - Order would immediately trigger.
2026-01-01 20:37:58,335 - INFO - Bot initialized. Ready for Testnet interaction.
2026-01-01 20:38:25,757 - INFO - Sending Request: {'symbol': 'BTCUSDT', 'side': 'SELL', 'type': 'STOP', 'timeInForce': 'GTC', 'quantity': 0.002, 'price': '98500.0', 'stopPrice': '98000.0'}
2026-01-01 20:38:26,445 - ERROR - Order Failed: 400 - Order would immediately trigger.
2026-01-01 20:40:05,951 - INFO - Bot initialized. Ready for Testnet interaction.
2026-01-01 20:40:36,633 - INFO - Sending Request: {'symbol': 'BTCUSDT', 'side': 'SELL', 'type': 'STOP', 'timeInForce': 'GTC', 'quantity': 0.002, 'price': '84500.0', 'stopPrice': '85000.0'}
2026-01-01 20:40:37,299 - INFO - API Response: {'algoId': 1000000003473333, 'clientAlgoId': 'x-Cb7ytekJ25a78d2df15cc64a20fdfe', 'algoType': 'CONDITIONAL', 'orderType': 'STOP', 'symbol': 'BTCUSDT', 'side': 'SELL', 'positionSide': 'BOTH', 'timeInForce': 'GTC', 'quantity': '0.002', 'algoStatus': 'NEW', 'triggerPrice': '85000.00', 'price': '84500.00', 'icebergQuantity': None, 'selfTradePreventionMode': 'EXPIRE_MAKER', 'workingType': 'CONTRACT_PRICE', 'priceMatch': 'NONE', 'closePosition': False, 'priceProtect': False, 'reduceOnly': False, 'createTime': 1767280237754, 'updateTime': 1767280237756, 'triggerTime': 0, 'goodTillDate': 0}
